{
  "RSpec": {
    "coverage": {
      "/opt/webapps/app/app/models/administrator.rb": [
        1,
        1,
        null,
        1,
        0,
        null,
        null
      ],
      "/opt/webapps/app/app/models/application_record.rb": [
        1,
        1,
        null
      ],
      "/opt/webapps/app/app/helpers/application_helper.rb": [
        1,
        1,
        0,
        0,
        0,
        null,
        null
      ],
      "/opt/webapps/app/app/channels/application_cable/channel.rb": [
        0,
        0,
        0,
        0
      ],
      "/opt/webapps/app/app/channels/application_cable/connection.rb": [
        0,
        0,
        0,
        0
      ],
      "/opt/webapps/app/app/controllers/home_controller.rb": [
        0,
        0,
        0,
        0
      ],
      "/opt/webapps/app/app/controllers/admin/base_controller.rb": [
        0,
        0,
        0,
        null,
        null,
        0,
        0
      ],
      "/opt/webapps/app/app/controllers/admin/questions_controller.rb": [
        0,
        0,
        0,
        0,
        null,
        0,
        0,
        0,
        null,
        0,
        0,
        null,
        0,
        0,
        0,
        0,
        null,
        0,
        0,
        null,
        0,
        0,
        null,
        0,
        0,
        0,
        0,
        0,
        0,
        null,
        0,
        0,
        0,
        0,
        0,
        0,
        0,
        null,
        0,
        0,
        0,
        0,
        null,
        0,
        0,
        0,
        0,
        null,
        0,
        0,
        0,
        0,
        null,
        0,
        null,
        0,
        0,
        0,
        null,
        0,
        0,
        0,
        0,
        0,
        0,
        0,
        0,
        0,
        0,
        0,
        null,
        0,
        0,
        0,
        0,
        0
      ],
      "/opt/webapps/app/app/controllers/admin/exams_controller.rb": [
        0,
        0,
        0,
        0,
        0,
        null,
        0,
        0,
        0,
        0,
        0
      ],
      "/opt/webapps/app/app/controllers/admin/categories_controller.rb": [
        0,
        0,
        0,
        null,
        0,
        0,
        0,
        null,
        0,
        0,
        0,
        null,
        0,
        0,
        null,
        0,
        0,
        null,
        0,
        0,
        0,
        0,
        0,
        0,
        null,
        0,
        0,
        0,
        0,
        0,
        0,
        0,
        null,
        0,
        0,
        0,
        0,
        null,
        0,
        null,
        0,
        0,
        0,
        null,
        0,
        0,
        0,
        0,
        0
      ],
      "/opt/webapps/app/app/controllers/application_controller.rb": [
        0,
        0
      ],
      "/opt/webapps/app/app/models/category.rb": [
        0,
        0,
        null,
        0,
        0
      ],
      "/opt/webapps/app/app/models/question.rb": [
        0,
        0,
        0,
        null,
        0,
        null,
        0,
        null,
        0,
        0,
        0,
        null,
        0,
        0,
        0,
        null,
        0,
        0,
        0,
        0,
        null,
        0,
        0,
        0,
        0,
        0
      ],
      "/opt/webapps/app/app/models/answered_question.rb": [
        0,
        0,
        0,
        0,
        0
      ],
      "/opt/webapps/app/app/models/exam.rb": [
        0,
        0,
        0,
        null,
        0,
        0,
        0,
        0,
        0,
        0,
        0,
        null,
        0,
        null,
        0,
        0,
        0,
        0,
        0,
        null,
        0,
        0,
        null,
        0,
        0,
        0,
        null,
        0,
        0,
        0
      ],
      "/opt/webapps/app/app/models/answer.rb": [
        0,
        0,
        0
      ],
      "/opt/webapps/app/app/models/examinee.rb": [
        0,
        0
      ],
      "/opt/webapps/app/app/mailers/application_mailer.rb": [
        0,
        0,
        0,
        0
      ],
      "/opt/webapps/app/app/jobs/application_job.rb": [
        0,
        0
      ]
    },
    "timestamp": 1626091282
  }
}
