{
  "RSpec": {
    "coverage": {
      "/opt/webapps/app/app/models/user_answer.rb": [
        1,
        1,
        1,
        1,
        null,
        1,
        null,
        1,
        5,
        null,
        null
      ],
      "/opt/webapps/app/app/models/application_record.rb": [
        1,
        1,
        null
      ],
      "/opt/webapps/app/app/models/user_question.rb": [
        1,
        1,
        1,
        1,
        1,
        null
      ],
      "/opt/webapps/app/app/models/result.rb": [
        1,
        1,
        1,
        1,
        null,
        1,
        2,
        null,
        null
      ],
      "/opt/webapps/app/app/models/practice_result.rb": [
        1,
        1,
        null
      ],
      "/opt/webapps/app/app/models/practice.rb": [
        1,
        1,
        null
      ],
      "/opt/webapps/app/app/models/answer_question.rb": [
        1,
        1,
        1,
        1,
        1,
        null
      ],
      "/opt/webapps/app/app/models/question.rb": [
        1,
        1,
        1,
        1,
        null,
        1,
        null,
        1,
        null,
        1,
        null,
        1,
        0,
        null,
        null,
        1,
        3,
        null,
        3,
        null,
        3,
        null,
        2,
        null,
        null,
        1,
        2,
        null,
        2,
        2,
        null,
        2,
        2,
        null,
        2,
        null,
        2,
        null,
        null,
        1,
        3,
        null,
        3,
        3,
        3,
        null,
        3,
        9,
        null,
        3,
        3,
        6,
        6,
        4,
        null,
        null,
        null,
        null,
        1,
        null,
        null,
        1,
        0,
        null,
        null
      ],
      "/opt/webapps/app/app/models/quiz.rb": [
        1,
        1,
        1,
        1,
        null,
        1,
        1,
        null,
        1,
        null,
        1,
        4,
        null,
        null
      ],
      "/opt/webapps/app/app/models/answer.rb": [
        1,
        1,
        1,
        null,
        1,
        null,
        1,
        null,
        1,
        15,
        null,
        null,
        1,
        0,
        null,
        null
      ],
      "/opt/webapps/app/app/models/user.rb": [
        1,
        null,
        null,
        1,
        null,
        null,
        1,
        1,
        1,
        1,
        null,
        1,
        null,
        1,
        null,
        1,
        0,
        null,
        null,
        null,
        null,
        null,
        null,
        1,
        206,
        null,
        null,
        1,
        412,
        null,
        null,
        1,
        0,
        null,
        null
      ],
      "/opt/webapps/app/lib/custom_failure.rb": [
        1,
        1,
        0,
        null,
        null,
        1,
        0,
        0,
        null,
        0,
        null,
        null,
        null
      ],
      "/opt/webapps/app/app/helpers/answer_questions_helper.rb": [
        1,
        null
      ],
      "/opt/webapps/app/app/helpers/application_helper.rb": [
        1,
        1,
        1,
        null,
        null,
        1,
        1,
        null,
        null,
        1,
        1,
        null,
        null,
        null,
        null,
        null,
        null,
        null,
        null,
        null,
        null,
        null,
        null,
        null,
        null,
        null,
        null,
        null,
        null,
        null,
        null,
        null,
        null,
        null,
        null,
        1,
        0,
        0,
        0,
        0,
        0,
        null,
        null,
        null
      ],
      "/opt/webapps/app/app/helpers/categories_helper.rb": [
        1,
        null
      ],
      "/opt/webapps/app/app/helpers/change_registrant_verification_helper.rb": [
        1,
        null
      ],
      "/opt/webapps/app/app/helpers/delete_helper.rb": [
        1,
        null
      ],
      "/opt/webapps/app/app/helpers/domains_helper.rb": [
        1,
        null
      ],
      "/opt/webapps/app/app/helpers/home_helper.rb": [
        1,
        null
      ],
      "/opt/webapps/app/app/helpers/invoice_helper.rb": [
        1,
        null
      ],
      "/opt/webapps/app/app/helpers/nameserver_helper.rb": [
        1,
        null
      ],
      "/opt/webapps/app/app/helpers/practical_contact_helper.rb": [
        1,
        null
      ],
      "/opt/webapps/app/app/helpers/practice_helper.rb": [
        1,
        null
      ],
      "/opt/webapps/app/app/helpers/questions_helper.rb": [
        1,
        null
      ],
      "/opt/webapps/app/app/helpers/quiz_helper.rb": [
        1,
        null
      ],
      "/opt/webapps/app/app/helpers/renew_helper.rb": [
        1,
        null
      ],
      "/opt/webapps/app/app/helpers/results_helper.rb": [
        1,
        null
      ],
      "/opt/webapps/app/app/helpers/transfer_helper.rb": [
        1,
        null
      ],
      "/opt/webapps/app/app/helpers/update_email_helper.rb": [
        1,
        null
      ],
      "/opt/webapps/app/app/controllers/answer_questions_controller.rb": [
        1,
        1,
        1,
        null,
        1,
        1,
        null,
        1,
        0,
        null,
        1,
        1,
        1,
        null,
        null,
        null,
        1,
        null,
        1,
        2,
        null,
        null
      ],
      "/opt/webapps/app/app/controllers/application_controller.rb": [
        1,
        1,
        null,
        1,
        1,
        1,
        null,
        1,
        null,
        1,
        null,
        1,
        0,
        0,
        0,
        0,
        null,
        null,
        1,
        null,
        1,
        0,
        0,
        null,
        null,
        null,
        1,
        42,
        42,
        null,
        42,
        40,
        40,
        null,
        2,
        null,
        null,
        null,
        1,
        0,
        null,
        0,
        null,
        null,
        1,
        42,
        null,
        null
      ],
      "/opt/webapps/app/app/controllers/home_controller.rb": [
        1,
        null,
        null,
        1,
        1,
        null,
        1,
        1,
        null,
        null
      ],
      "/opt/webapps/app/app/services/api_connector.rb": [
        1,
        null,
        1,
        1,
        null,
        1,
        9,
        null,
        null,
        1,
        null,
        1,
        1,
        1,
        1,
        null,
        null,
        1,
        9,
        null,
        null,
        1,
        0,
        null,
        null,
        null,
        null,
        null,
        null,
        null
      ],
      "/opt/webapps/app/app/controllers/interactions/actions/generate_questions.rb": [
        1,
        1,
        null,
        1,
        2,
        2,
        null,
        2,
        1,
        null,
        1,
        null,
        null,
        null,
        1,
        null,
        1,
        1,
        null,
        1,
        1,
        null,
        null,
        null,
        1,
        1,
        null,
        1,
        1,
        1,
        1,
        null,
        1,
        null,
        1,
        1,
        1,
        null,
        null,
        null,
        1,
        1,
        1,
        1,
        1,
        1,
        null,
        1,
        null,
        null,
        1,
        null,
        null,
        1,
        1,
        20,
        20,
        null,
        20,
        20,
        20,
        20,
        20,
        20,
        null,
        null,
        null
      ],
      "/opt/webapps/app/app/controllers/interactions/actions/get_domain_expire_date.rb": [
        1,
        1,
        null,
        1,
        2,
        2,
        null,
        2,
        null,
        null
      ],
      "/opt/webapps/app/app/controllers/interactions/practice/generate_change_registrant_email_result.rb": [
        1,
        1,
        null,
        1,
        6,
        6,
        6,
        6,
        6,
        null,
        6,
        null,
        6,
        null,
        6,
        null,
        6,
        null,
        null,
        1,
        null,
        1,
        6,
        6,
        6,
        null,
        6,
        4,
        null,
        2,
        null,
        null,
        3,
        null,
        null,
        1,
        6,
        null,
        6,
        6,
        null,
        6,
        null,
        null,
        0,
        null,
        null,
        1,
        6,
        null,
        6,
        5,
        5,
        5,
        5,
        null,
        5,
        null,
        null,
        1,
        null,
        1,
        null,
        null
      ],
      "/opt/webapps/app/app/controllers/interactions/practice/generate_contact_result.rb": [
        1,
        1,
        null,
        1,
        1,
        1,
        1,
        null,
        1,
        6,
        null,
        6,
        6,
        null,
        6,
        6,
        6,
        6,
        6,
        null,
        6,
        6,
        null,
        6,
        null,
        6,
        null,
        null,
        1,
        null,
        1,
        4,
        null,
        4,
        4,
        4,
        4,
        4,
        null,
        4,
        4,
        null,
        4,
        null,
        null,
        1,
        1,
        1,
        0,
        null,
        0,
        0,
        null,
        null,
        1,
        null,
        null,
        1,
        2,
        null,
        2,
        2,
        2,
        2,
        2,
        null,
        2,
        null,
        null,
        0,
        null,
        0,
        null,
        null
      ],
      "/opt/webapps/app/app/controllers/interactions/practice/generate_delete_result.rb": [
        1,
        1,
        null,
        1,
        4,
        4,
        4,
        4,
        null,
        4,
        null,
        4,
        null,
        4,
        null,
        4,
        null,
        null,
        1,
        null,
        1,
        4,
        null,
        4,
        4,
        null,
        4,
        null,
        null,
        2,
        null,
        null,
        1,
        4,
        null,
        4,
        3,
        3,
        3,
        3,
        null,
        3,
        null,
        null,
        1,
        null,
        1,
        null,
        null
      ],
      "/opt/webapps/app/app/controllers/interactions/practice/generate_domain_result.rb": [
        1,
        1,
        null,
        1,
        1,
        1,
        1,
        null,
        1,
        4,
        null,
        4,
        4,
        4,
        null,
        4,
        4,
        4,
        null,
        4,
        4,
        null,
        4,
        null,
        4,
        null,
        null,
        1,
        null,
        1,
        1,
        null,
        1,
        1,
        null,
        null,
        1,
        null,
        null,
        null,
        null,
        null,
        1,
        null,
        null,
        null,
        null,
        null,
        1,
        null,
        null,
        null,
        null,
        null,
        null,
        null,
        1,
        null,
        2,
        null,
        null,
        null,
        1,
        null,
        2,
        null,
        1,
        1,
        null,
        1,
        3,
        null,
        0,
        null,
        null,
        1,
        1,
        1,
        null,
        1,
        0,
        null,
        null,
        1,
        0,
        null,
        0,
        0,
        null,
        0,
        null,
        null,
        0,
        null,
        null,
        1,
        4,
        null,
        4,
        4,
        4,
        4,
        4,
        null,
        4,
        null,
        null,
        0,
        null,
        0,
        null,
        null
      ],
      "/opt/webapps/app/app/controllers/interactions/practice/generate_invoice_result.rb": [
        1,
        1,
        null,
        1,
        6,
        6,
        6,
        null,
        6,
        null,
        6,
        null,
        6,
        6,
        null,
        6,
        null,
        null,
        1,
        null,
        1,
        6,
        null,
        6,
        null,
        6,
        null,
        6,
        null,
        null,
        1,
        6,
        6,
        null,
        6,
        6,
        null,
        null,
        6,
        null,
        null,
        1,
        6,
        null,
        6,
        5,
        5,
        5,
        5,
        null,
        5,
        null,
        null,
        1,
        null,
        1,
        null,
        null
      ],
      "/opt/webapps/app/app/controllers/interactions/practice/generate_nameserver_result.rb": [
        1,
        1,
        null,
        1,
        4,
        null,
        4,
        4,
        4,
        4,
        4,
        null,
        4,
        4,
        4,
        null,
        4,
        4,
        null,
        4,
        null,
        4,
        null,
        null,
        1,
        null,
        1,
        1,
        null,
        1,
        1,
        null,
        1,
        null,
        null,
        0,
        null,
        null,
        1,
        2,
        null,
        null,
        2,
        null,
        null,
        null,
        null,
        null,
        2,
        null,
        null,
        null,
        null,
        null,
        2,
        null,
        null,
        null,
        null,
        2,
        null,
        2,
        2,
        null,
        2,
        0,
        null,
        null,
        1,
        4,
        null,
        4,
        4,
        4,
        4,
        4,
        null,
        4,
        null,
        null,
        0,
        null,
        0,
        null,
        null
      ],
      "/opt/webapps/app/app/controllers/interactions/practice/generate_renew_result.rb": [
        1,
        1,
        null,
        1,
        6,
        6,
        6,
        6,
        6,
        6,
        6,
        null,
        6,
        null,
        6,
        6,
        null,
        6,
        null,
        6,
        null,
        null,
        1,
        null,
        1,
        4,
        3,
        3,
        null,
        3,
        null,
        1,
        1,
        null,
        1,
        null,
        2,
        null,
        null,
        1,
        3,
        null,
        3,
        3,
        null,
        3,
        null,
        null,
        0,
        null,
        null,
        1,
        6,
        null,
        6,
        5,
        5,
        5,
        5,
        null,
        5,
        null,
        null,
        1,
        null,
        1,
        null,
        null
      ],
      "/opt/webapps/app/app/controllers/interactions/practice/generate_transfer_code_result.rb": [
        1,
        1,
        null,
        1,
        4,
        4,
        4,
        4,
        4,
        null,
        4,
        null,
        4,
        2,
        null,
        2,
        null,
        null,
        4,
        4,
        null,
        null,
        1,
        null,
        1,
        4,
        null,
        4,
        3,
        3,
        3,
        3,
        null,
        3,
        null,
        null,
        1,
        null,
        1,
        null,
        null
      ],
      "/opt/webapps/app/app/controllers/practice/change_registrant_email_controller.rb": [
        1,
        1,
        1,
        1,
        1,
        1,
        null,
        1,
        null,
        1,
        3,
        null,
        null,
        1,
        1,
        1,
        null,
        null,
        1,
        null,
        1,
        4,
        4,
        null,
        0,
        null,
        null,
        1,
        null,
        0,
        null,
        null,
        null,
        null,
        null,
        null,
        null,
        1,
        4,
        null,
        null,
        1,
        4,
        4,
        null,
        null,
        1,
        4,
        4,
        4,
        null,
        null,
        null
      ],
      "/opt/webapps/app/app/controllers/practice/change_registrant_verification_controller.rb": [
        1,
        1,
        1,
        1,
        1,
        1,
        null,
        1,
        null,
        1,
        3,
        null,
        null,
        1,
        1,
        1,
        null,
        null,
        1,
        null,
        1,
        4,
        4,
        null,
        0,
        null,
        null,
        1,
        null,
        0,
        null,
        null,
        null,
        null,
        null,
        null,
        null,
        1,
        4,
        null,
        null,
        1,
        4,
        4,
        null,
        null,
        1,
        4,
        4,
        4,
        null,
        null,
        null
      ],
      "/opt/webapps/app/app/controllers/practice/contact_controller.rb": [
        1,
        1,
        1,
        1,
        null,
        1,
        null,
        1,
        3,
        null,
        3,
        1,
        null,
        2,
        null,
        null,
        null,
        1,
        null,
        1,
        null,
        1,
        null,
        null,
        null,
        null,
        null,
        null,
        null,
        null,
        null,
        1,
        3,
        3,
        null,
        null,
        1,
        3,
        3,
        null,
        null,
        null
      ],
      "/opt/webapps/app/app/controllers/practice/delete_controller.rb": [
        1,
        1,
        1,
        1,
        1,
        1,
        null,
        1,
        null,
        1,
        3,
        null,
        null,
        1,
        1,
        1,
        null,
        null,
        1,
        null,
        1,
        4,
        4,
        null,
        0,
        null,
        null,
        1,
        null,
        0,
        null,
        null,
        null,
        null,
        null,
        null,
        1,
        4,
        null,
        null,
        1,
        4,
        4,
        null,
        null,
        1,
        4,
        null,
        null,
        null
      ],
      "/opt/webapps/app/app/controllers/practice/domains_controller.rb": [
        1,
        1,
        1,
        1,
        1,
        1,
        null,
        1,
        null,
        1,
        3,
        null,
        null,
        1,
        0,
        null,
        0,
        null,
        null,
        1,
        null,
        1,
        3,
        3,
        null,
        0,
        null,
        null,
        1,
        3,
        null,
        null,
        1,
        null,
        0,
        null,
        null,
        null,
        null,
        null,
        null,
        null,
        null,
        1,
        3,
        3,
        3,
        null,
        null,
        1,
        3,
        3,
        null,
        null,
        null
      ],
      "/opt/webapps/app/app/controllers/practice/invoice_controller.rb": [
        1,
        1,
        1,
        1,
        1,
        null,
        1,
        null,
        1,
        3,
        null,
        null,
        1,
        1,
        1,
        null,
        null,
        1,
        null,
        1,
        4,
        4,
        null,
        0,
        null,
        null,
        1,
        null,
        0,
        null,
        null,
        null,
        null,
        null,
        1,
        4,
        null,
        null,
        1,
        4,
        4,
        null,
        null,
        null
      ],
      "/opt/webapps/app/app/controllers/practice/nameserver_controller.rb": [
        1,
        1,
        1,
        1,
        1,
        1,
        null,
        1,
        null,
        1,
        3,
        null,
        null,
        1,
        0,
        null,
        0,
        null,
        null,
        1,
        null,
        1,
        3,
        3,
        null,
        0,
        null,
        null,
        1,
        3,
        null,
        null,
        1,
        null,
        0,
        null,
        null,
        null,
        null,
        null,
        null,
        null,
        null,
        null,
        1,
        3,
        3,
        null,
        null,
        1,
        3,
        3,
        null,
        3,
        3,
        3,
        null,
        null,
        null,
        null
      ],
      "/opt/webapps/app/app/controllers/practice/renew_controller.rb": [
        1,
        1,
        1,
        1,
        1,
        1,
        null,
        1,
        null,
        1,
        3,
        null,
        null,
        1,
        1,
        1,
        null,
        null,
        1,
        null,
        1,
        4,
        4,
        null,
        0,
        null,
        null,
        1,
        null,
        0,
        null,
        null,
        null,
        null,
        null,
        null,
        null,
        null,
        null,
        1,
        4,
        null,
        null,
        1,
        4,
        4,
        null,
        null,
        1,
        4,
        4,
        null,
        4,
        null,
        4,
        4,
        null,
        null,
        1,
        0,
        0,
        null,
        null,
        null
      ],
      "/opt/webapps/app/app/controllers/practice/transfer_controller.rb": [
        1,
        1,
        1,
        1,
        1,
        1,
        null,
        1,
        null,
        1,
        3,
        null,
        null,
        1,
        1,
        1,
        null,
        null,
        1,
        null,
        1,
        4,
        4,
        null,
        0,
        null,
        null,
        1,
        null,
        0,
        null,
        null,
        null,
        null,
        null,
        null,
        1,
        4,
        null,
        null,
        1,
        4,
        4,
        null,
        null,
        1,
        4,
        4,
        null,
        null,
        null
      ],
      "/opt/webapps/app/app/controllers/practice_controller.rb": [
        1,
        1,
        null,
        null
      ],
      "/opt/webapps/app/app/controllers/questions_controller.rb": [
        1,
        1,
        1,
        null,
        1,
        1,
        1,
        null,
        1,
        1,
        null,
        1,
        1,
        null,
        1,
        1,
        null,
        null,
        1,
        null,
        1,
        1,
        1,
        1,
        null,
        null,
        1,
        1,
        null,
        null,
        1,
        1,
        null,
        null
      ],
      "/opt/webapps/app/app/controllers/quiz_controller.rb": [
        1,
        1,
        1,
        1,
        null,
        1,
        null,
        null,
        1,
        2,
        null,
        2,
        null,
        1,
        1,
        null,
        null,
        0,
        null,
        null,
        1,
        null,
        1,
        1,
        1,
        null,
        1,
        null,
        null,
        null,
        1,
        2,
        null,
        null,
        1,
        2,
        null,
        null
      ],
      "/opt/webapps/app/app/controllers/results_controller.rb": [
        1,
        1,
        1,
        1,
        null,
        1,
        null,
        1,
        2,
        null,
        null,
        1,
        null,
        1,
        2,
        2,
        2,
        2,
        null,
        null,
        1,
        3,
        2,
        null,
        null,
        1,
        3,
        3,
        null,
        null
      ],
      "/opt/webapps/app/app/controllers/users/sessions_controller.rb": [
        null,
        null,
        1,
        1,
        null,
        null,
        1,
        0,
        null,
        null,
        null,
        1,
        0,
        null,
        0,
        null,
        0,
        null,
        null,
        null,
        1,
        0,
        null,
        null,
        1,
        null,
        null,
        1,
        0,
        null,
        null,
        1,
        0,
        0,
        null,
        0,
        0,
        null,
        null,
        0,
        null,
        0,
        0,
        null,
        0,
        null,
        null,
        null,
        1,
        2,
        2,
        2,
        2,
        null,
        2,
        null,
        2,
        null,
        1,
        1,
        null,
        1,
        null,
        null,
        null,
        null,
        null,
        1,
        1,
        1,
        null,
        null,
        0,
        null,
        null,
        null,
        1,
        null,
        1,
        2,
        2,
        null,
        2,
        2,
        2,
        null,
        null,
        1,
        0,
        null,
        null,
        null,
        1,
        2,
        null,
        null
      ],
      "/opt/webapps/app/app/models/ability.rb": [
        null,
        null,
        1,
        1,
        null,
        1,
        null,
        null,
        null,
        null,
        null,
        null,
        null,
        null,
        null,
        null,
        null,
        null,
        null,
        null,
        null,
        null,
        null,
        null,
        null,
        null,
        null,
        null,
        null,
        null,
        null,
        null,
        null,
        1,
        1,
        1,
        1,
        1,
        null,
        null,
        null
      ],
      "/opt/webapps/app/app/models/category.rb": [
        1,
        1,
        1,
        1,
        null,
        1,
        null,
        1,
        null,
        1,
        0,
        null,
        null
      ],
      "/opt/webapps/app/app/models/template_setting_display.rb": [
        1,
        1,
        null
      ],
      "/opt/webapps/app/app/presenters/result_presenter.rb": [
        1,
        1,
        null,
        1,
        1,
        null,
        1,
        6,
        null,
        null,
        1,
        1,
        1,
        1,
        null,
        2,
        null,
        null,
        1,
        2,
        2,
        null,
        2,
        null,
        2,
        2,
        null,
        null,
        2,
        1,
        null,
        null
      ],
      "/opt/webapps/app/app/services/create_domain.rb": [
        1,
        1,
        1,
        null,
        1,
        1,
        1,
        null,
        null,
        0,
        null,
        null,
        null,
        null,
        1,
        5,
        null,
        null,
        1,
        1,
        1,
        null,
        1,
        null,
        null,
        1,
        1,
        null,
        null,
        null,
        1,
        1,
        null,
        null,
        1,
        null,
        1,
        null,
        0,
        0,
        null,
        null,
        null,
        null,
        null,
        null,
        null,
        null,
        null,
        null
      ],
      "/opt/webapps/app/app/services/get_domain.rb": [
        1,
        1,
        null,
        1,
        54,
        null,
        null,
        1,
        1,
        1,
        null,
        1,
        null,
        null,
        1,
        5,
        null,
        null,
        1,
        5,
        null,
        null
      ],
      "/opt/webapps/app/app/services/get_invoice.rb": [
        1,
        1,
        null,
        1,
        9,
        null,
        null,
        1,
        1,
        1,
        null,
        1,
        null,
        null,
        1,
        1,
        null,
        null,
        1,
        1,
        null,
        null
      ],
      "/opt/webapps/app/app/services/sign_in.rb": [
        1,
        null,
        1,
        2,
        null,
        null,
        1,
        0,
        null,
        null,
        1,
        0,
        null,
        null,
        1,
        0,
        null,
        null
      ],
      "/opt/webapps/app/app/services/practice_services/generate_transfer_code_service.rb": [
        1,
        1,
        1,
        1,
        null,
        1,
        0,
        0,
        null,
        0,
        0,
        null,
        0,
        null,
        null,
        null,
        1,
        null,
        1,
        0,
        null,
        null,
        null,
        null
      ],
      "/opt/webapps/app/app/controllers/interactions/cache_initializer.rb": [
        1,
        1,
        null,
        1,
        null,
        null,
        null,
        1,
        396,
        396,
        null,
        44,
        null,
        396,
        44,
        null,
        396,
        44,
        null,
        396,
        44,
        44,
        null,
        null,
        null,
        396,
        44,
        44,
        null,
        null,
        null,
        396,
        44,
        44,
        null,
        null,
        null,
        null,
        1,
        null,
        1,
        44,
        44,
        null,
        44,
        44,
        null,
        44,
        44,
        null,
        null
      ],
      "/opt/webapps/app/app/controllers/interactions/actions/generate_answer.rb": [
        1,
        1,
        null,
        1,
        2,
        2,
        1,
        null,
        null,
        1,
        null,
        null,
        null,
        2,
        null,
        null,
        null
      ],
      "/opt/webapps/app/app/controllers/interactions/actions/single_answer_create.rb": [
        1,
        1,
        null,
        1,
        1,
        1,
        null,
        null,
        null,
        null,
        null
      ],
      "/opt/webapps/app/app/controllers/interactions/actions/question_id.rb": [
        1,
        1,
        null,
        1,
        3,
        null,
        null,
        3,
        3,
        null,
        3,
        1,
        null,
        null,
        2,
        null,
        null,
        null,
        null,
        null,
        null,
        null,
        null,
        null,
        null,
        null
      ],
      "/opt/webapps/app/app/controllers/interactions/actions/generate_result.rb": [
        1,
        1,
        null,
        1,
        2,
        null,
        2,
        2,
        null,
        2,
        2,
        null,
        null,
        1,
        2,
        2,
        null,
        null,
        2,
        2,
        2,
        null,
        2,
        null,
        null,
        1,
        2,
        null,
        2,
        1,
        null,
        1,
        1,
        null,
        1,
        1,
        null,
        null,
        1,
        null,
        2,
        null,
        null,
        1,
        2,
        null,
        2,
        null,
        null,
        1,
        2,
        null,
        2,
        0,
        null,
        0,
        0,
        null,
        2,
        null,
        null,
        2,
        null,
        null,
        null,
        null,
        null,
        null,
        null,
        null,
        2,
        2,
        null,
        2,
        null,
        null
      ],
      "/opt/webapps/app/app/controllers/interactions/actions/generate_theoretical_quiz.rb": [
        1,
        1,
        null,
        1,
        3,
        null,
        null,
        1,
        5,
        null,
        null
      ],
      "/opt/webapps/app/app/controllers/interactions/actions/multiple_answer_create.rb": [
        1,
        1,
        null,
        1,
        2,
        2,
        2,
        2,
        null,
        2,
        4,
        null,
        4,
        null,
        null,
        null,
        null,
        null,
        4,
        null,
        null,
        null,
        null,
        null,
        null
      ],
      "/opt/webapps/app/app/services/get_contact.rb": [
        1,
        1,
        null,
        1,
        12,
        null,
        null,
        1,
        1,
        1,
        null,
        1,
        null,
        null,
        1,
        1,
        null,
        null,
        1,
        1,
        null,
        null
      ],
      "/opt/webapps/app/app/controllers/interactions/actions/generate_practice_result.rb": [
        1,
        1,
        null,
        1,
        2,
        null,
        2,
        null,
        2,
        2,
        null,
        null,
        1,
        null,
        1,
        2,
        null,
        2,
        2,
        null,
        null,
        2,
        null,
        null,
        1,
        2,
        null,
        null
      ],
      "/opt/webapps/app/app/controllers/interactions/actions/send_result.rb": [
        1,
        1,
        null,
        1,
        2,
        2,
        null,
        2,
        0,
        null,
        0,
        0,
        null,
        null,
        null,
        1,
        null,
        1,
        0,
        0,
        null,
        null
      ],
      "/opt/webapps/app/app/channels/application_cable/channel.rb": [
        0,
        0,
        0,
        0
      ],
      "/opt/webapps/app/app/channels/application_cable/connection.rb": [
        0,
        0,
        0,
        0
      ],
      "/opt/webapps/app/app/controllers/interactions/actions/generate_transfer_code.rb": [
        0,
        0,
        null,
        0,
        0,
        0,
        null,
        0,
        0,
        0,
        0
      ],
      "/opt/webapps/app/app/controllers/users/passwords_controller.rb": [
        null,
        null,
        0,
        null,
        null,
        null,
        null,
        null,
        null,
        null,
        null,
        null,
        null,
        null,
        null,
        null,
        null,
        null,
        null,
        null,
        null,
        null,
        null,
        null,
        null,
        null,
        null,
        null,
        null,
        null,
        null,
        null,
        null,
        0
      ],
      "/opt/webapps/app/app/controllers/users/registrations_controller.rb": [
        null,
        null,
        0,
        null,
        null,
        null,
        null,
        null,
        null,
        null,
        null,
        null,
        null,
        null,
        null,
        null,
        null,
        null,
        null,
        null,
        null,
        null,
        null,
        null,
        null,
        null,
        null,
        null,
        null,
        null,
        null,
        null,
        null,
        null,
        null,
        null,
        null,
        null,
        null,
        null,
        null,
        null,
        null,
        null,
        null,
        null,
        null,
        null,
        null,
        null,
        null,
        null,
        null,
        null,
        null,
        null,
        null,
        null,
        null,
        null,
        null,
        0
      ],
      "/opt/webapps/app/app/controllers/users/unlocks_controller.rb": [
        null,
        null,
        0,
        null,
        null,
        null,
        null,
        null,
        null,
        null,
        null,
        null,
        null,
        null,
        null,
        null,
        null,
        null,
        null,
        null,
        null,
        null,
        null,
        null,
        null,
        null,
        null,
        null,
        null,
        0
      ],
      "/opt/webapps/app/app/jobs/application_job.rb": [
        0,
        null,
        null,
        null,
        null,
        null,
        0
      ],
      "/opt/webapps/app/app/mailers/application_mailer.rb": [
        0,
        0,
        0,
        0
      ],
      "/opt/webapps/app/app/presenters/result_status_presenter.rb": [
        0,
        0,
        null,
        0,
        0,
        null,
        0,
        0,
        0,
        0,
        null,
        0,
        0,
        0,
        null,
        0,
        null,
        0,
        0,
        0,
        0,
        null,
        0,
        0,
        0,
        0,
        null,
        null,
        0,
        0,
        0,
        0,
        0
      ],
      "/opt/webapps/app/app/services/results.rb": [
        0,
        0,
        null,
        0,
        0,
        0,
        null,
        0,
        0,
        0,
        null,
        0,
        0,
        null,
        0,
        0,
        0,
        null,
        0,
        0,
        0,
        0,
        0,
        0,
        0,
        0,
        null,
        0,
        0,
        0,
        0
      ]
    },
    "timestamp": 1668591328
  }
}
